<?xml version="1.0" encoding="UTF-8"?>
<testng-results ignored="0" total="1" passed="1" failed="0" skipped="0">
  <reporter-output>
  </reporter-output>
  <suite started-at="2022-12-08T16:30:17 IST" name="Suite" finished-at="2022-12-08T16:30:24 IST" duration-ms="6997">
    <groups>
    </groups>
    <test started-at="2022-12-08T16:30:17 IST" name="Test Chrome" finished-at="2022-12-08T16:30:24 IST" duration-ms="6997">
      <class name="com.qa.testscripts.Tc_001">
        <test-method is-config="true" signature="setbrowser(java.lang.String,java.lang.String)[pri:0, instance:com.qa.testscripts.Tc_001@14555e0a]" started-at="2022-12-08T16:30:17 IST" name="setbrowser" finished-at="2022-12-08T16:30:22 IST" duration-ms="4631" status="PASS">
          <params>
            <param index="0">
              <value>
                <![CDATA[chrome]]>
              </value>
            </param>
            <param index="1">
              <value>
                <![CDATA[http://www.google.com/]]>
              </value>
            </param>
          </params>
          <reporter-output>
          </reporter-output>
        </test-method> <!-- setbrowser -->
        <test-method signature="dotest()[pri:0, instance:com.qa.testscripts.Tc_001@14555e0a]" started-at="2022-12-08T16:30:22 IST" name="dotest" finished-at="2022-12-08T16:30:22 IST" duration-ms="299" status="PASS">
          <reporter-output>
          </reporter-output>
        </test-method> <!-- dotest -->
        <test-method is-config="true" signature="close()[pri:0, instance:com.qa.testscripts.Tc_001@14555e0a]" started-at="2022-12-08T16:30:22 IST" name="close" finished-at="2022-12-08T16:30:24 IST" duration-ms="2014" status="PASS">
          <reporter-output>
          </reporter-output>
        </test-method> <!-- close -->
      </class> <!-- com.qa.testscripts.Tc_001 -->
    </test> <!-- Test Chrome -->
  </suite> <!-- Suite -->
</testng-results>
