<?xml version="1.0" encoding="UTF-8"?>
<testng-results ignored="0" total="0" passed="0" failed="0" skipped="0">
  <reporter-output>
  </reporter-output>
  <suite started-at="2022-12-07T22:31:14 IST" name="Suite" finished-at="2022-12-07T22:31:14 IST" duration-ms="15">
    <groups>
    </groups>
    <test started-at="2022-12-07T22:31:14 IST" name="Test Chrome" finished-at="2022-12-07T22:31:14 IST" duration-ms="15">
    </test> <!-- Test Chrome -->
  </suite> <!-- Suite -->
</testng-results>
